<?xml version="1.0" encoding="UTF-8"?>
<!-- Generated by org.testng.reporters.JUnitReportReporter -->
<testsuite skipped="0" hostname="DLLA015P3273" name="DummyApis" tests="1" failures="0" timestamp="19 Apr 2020 16:12:15 GMT" time="56.879" errors="0">
  <testcase name="add_new_player_check" time="56.879" classname="DummyApis"/>
</testsuite> <!-- DummyApis -->
