<?xml version="1.0" encoding="UTF-8"?>
<!-- Generated by org.testng.reporters.JUnitReportReporter -->
<testsuite skipped="0" hostname="DLLA015P3273" name="BoardTest" tests="1" failures="0" timestamp="18 Apr 2020 11:16:18 GMT" time="12.883" errors="0">
  <testcase name="add_new_player_check" time="12.883" classname="BoardTest"/>
</testsuite> <!-- BoardTest -->
